<?xml version="1.0" encoding="UTF-8"?>
<testng-results ignored="0" total="1" passed="1" failed="0" skipped="0">
  <reporter-output>
  </reporter-output>
  <suite started-at="2023-07-11T19:26:56 IST" name="Default suite" finished-at="2023-07-11T19:27:19 IST" duration-ms="22974">
    <groups>
      <group name="cucumber">
        <method signature="AbstractTestNGCucumberTests.runScenario(io.cucumber.testng.PickleWrapper,io.cucumber.testng.FeatureWrapper)[pri:0, instance:Defination_file.TestRunner@3f191845]" name="runScenario" class="io.cucumber.testng.AbstractTestNGCucumberTests"/>
      </group> <!-- cucumber -->
    </groups>
    <test started-at="2023-07-11T19:26:56 IST" name="Default test" finished-at="2023-07-11T19:27:19 IST" duration-ms="22974">
      <class name="Defination_file.TestRunner">
        <test-method is-config="true" signature="setUpClass(org.testng.ITestContext)[pri:0, instance:Defination_file.TestRunner@3f191845]" started-at="2023-07-11T19:26:56 IST" name="setUpClass" finished-at="2023-07-11T19:26:57 IST" duration-ms="551" status="PASS">
          <params>
            <param index="0">
              <value>
                <![CDATA[org.testng.TestRunner@2c9a6717]]>
              </value>
            </param>
          </params>
          <reporter-output>
          </reporter-output>
        </test-method> <!-- setUpClass -->
        <test-method signature="runScenario(io.cucumber.testng.PickleWrapper,io.cucumber.testng.FeatureWrapper)[pri:0, instance:Defination_file.TestRunner@3f191845]" started-at="2023-07-11T19:26:57 IST" name="runScenario" description="Runs Cucumber Scenarios" data-provider="scenarios" finished-at="2023-07-11T19:27:19 IST" duration-ms="22269" status="PASS">
          <params>
            <param index="0">
              <value>
                <![CDATA["Verify user is able to login Meesho page"]]>
              </value>
            </param>
            <param index="1">
              <value>
                <![CDATA["Please the Order"]]>
              </value>
            </param>
          </params>
          <reporter-output>
          </reporter-output>
        </test-method> <!-- runScenario -->
        <test-method is-config="true" signature="tearDownClass()[pri:0, instance:Defination_file.TestRunner@3f191845]" started-at="2023-07-11T19:27:19 IST" name="tearDownClass" finished-at="2023-07-11T19:27:19 IST" duration-ms="106" status="PASS">
          <reporter-output>
          </reporter-output>
        </test-method> <!-- tearDownClass -->
      </class> <!-- Defination_file.TestRunner -->
    </test> <!-- Default test -->
  </suite> <!-- Default suite -->
</testng-results>
